<?xml version="1.0" encoding="UTF-8"?>
<testng-results ignored="0" total="1" passed="1" failed="0" skipped="0">
  <reporter-output>
  </reporter-output>
  <suite started-at="2023-12-28T20:29:42 IST" name="Suite" finished-at="2023-12-28T20:29:48 IST" duration-ms="5512">
    <groups>
    </groups>
    <test started-at="2023-12-28T20:29:42 IST" name="Test" finished-at="2023-12-28T20:29:48 IST" duration-ms="5512">
      <class name="pi.tests.UserTest">
        <test-method is-config="true" signature="generatePayload()[pri:0, instance:pi.tests.UserTest@1afd44cb]" started-at="2023-12-28T20:29:43 IST" name="generatePayload" finished-at="2023-12-28T20:29:43 IST" duration-ms="505" status="PASS">
          <reporter-output>
          </reporter-output>
        </test-method> <!-- generatePayload -->
        <test-method signature="createUser()[pri:0, instance:pi.tests.UserTest@1afd44cb]" started-at="2023-12-28T20:29:43 IST" name="createUser" finished-at="2023-12-28T20:29:48 IST" duration-ms="4466" status="PASS">
          <reporter-output>
          </reporter-output>
        </test-method> <!-- createUser -->
      </class> <!-- pi.tests.UserTest -->
    </test> <!-- Test -->
  </suite> <!-- Suite -->
</testng-results>
